<?xml version="1.0" encoding="UTF-8"?>
<!-- Generated by org.testng.reporters.JUnitReportReporter -->
<testsuite hostname="DESKTOP-6GA8F07" failures="0" tests="4" name="testNgPractice.DemoC" time="0.067" errors="0" timestamp="2025-02-22T10:12:44 IST" skipped="0">
  <testcase classname="testNgPractice.DemoC" name="visitingDemoSite" time="0.034">
    <system-out>
      <![CDATA[visitingDemoSite]]>
    </system-out>
  </testcase> <!-- visitingDemoSite -->
  <testcase classname="testNgPractice.DemoC" name="shopping" time="0.006">
    <system-out>
      <![CDATA[Shopping]]>
    </system-out>
  </testcase> <!-- shopping -->
  <testcase classname="testNgPractice.DemoC" name="visitingDemoSite" time="0.008">
    <system-out>
      <![CDATA[visitingDemoSite]]>
    </system-out>
  </testcase> <!-- visitingDemoSite -->
  <testcase classname="testNgPractice.DemoC" name="shopping" time="0.019">
    <system-out>
      <![CDATA[Shopping]]>
    </system-out>
  </testcase> <!-- shopping -->
  <system-out>
    <![CDATA[Get config for suite
Launch Browser
Open application
Login
Shopping
Logout
Login
visitingDemoSite
Logout
Close application
Close browser
Launch Browser
Open application
Login
Shopping
Logout
Login
visitingDemoSite
Logout
Close application
Close browser
Close config for suite]]>
  </system-out>
</testsuite> <!-- testNgPractice.DemoC -->
