<?xml version="1.0" encoding="UTF-8"?>
<!-- Generated by org.testng.reporters.JUnitReportReporter -->
<testsuite hostname="DESKTOP-6GA8F07" failures="0" tests="1" name="testNgPractice.DemoB" time="0.001" errors="0" timestamp="2025-02-16T11:32:32 IST" skipped="0">
  <testcase classname="testNgPractice.DemoB" name="testB" time="0.001">
    <system-out>
      <![CDATA[Executing test B from DemoB]]>
    </system-out>
  </testcase> <!-- testB -->
  <system-out>
    <![CDATA[Executing test A() from DemoA
Executing test B from DemoB]]>
  </system-out>
</testsuite> <!-- testNgPractice.DemoB -->
