<?xml version="1.0" encoding="UTF-8"?>
<!-- Generated by org.testng.reporters.JUnitReportReporter -->
<testsuite hostname="DESKTOP-6GA8F07" failures="0" tests="3" name="testNgPractice.DemoA" time="0.026" errors="0" timestamp="2025-02-22T10:16:48 IST" skipped="0">
  <testcase classname="testNgPractice.DemoA" name="testA" time="0.017">
    <system-out>
      <![CDATA[Executing test A() from DemoA]]>
    </system-out>
  </testcase> <!-- testA -->
  <testcase classname="testNgPractice.DemoA" name="testB" time="0.006">
    <system-out>
      <![CDATA[Executing test B() from DemoA]]>
    </system-out>
  </testcase> <!-- testB -->
  <testcase classname="testNgPractice.DemoA" name="testB" time="0.003">
    <system-out>
      <![CDATA[Executing test B() from DemoA]]>
    </system-out>
  </testcase> <!-- testB -->
  <system-out>
    <![CDATA[Executing test A() from DemoA
Executing test B() from DemoA
Executing test B() from DemoA]]>
  </system-out>
</testsuite> <!-- testNgPractice.DemoA -->
